{"/Users/VectorHo/Downloads/git/indexy/indexy-crawler-api/app/model/article.js": {"path":"/Users/VectorHo/Downloads/git/indexy/indexy-crawler-api/app/model/article.js","statementMap":{"0":{"start":{"line":3,"column":0},"end":{"line":29,"column":2}},"1":{"start":{"line":5,"column":36},"end":{"line":5,"column":49}},"2":{"start":{"line":7,"column":18},"end":{"line":20,"column":4}},"3":{"start":{"line":23,"column":2},"end":{"line":25,"column":4}},"4":{"start":{"line":24,"column":4},"end":{"line":24,"column":105}},"5":{"start":{"line":27,"column":2},"end":{"line":27,"column":17}}},"fnMap":{"0":{"name":"(anonymous_0)","decl":{"start":{"line":3,"column":17},"end":{"line":3,"column":18}},"loc":{"start":{"line":3,"column":24},"end":{"line":29,"column":1}},"line":3},"1":{"name":"(anonymous_1)","decl":{"start":{"line":23,"column":22},"end":{"line":23,"column":23}},"loc":{"start":{"line":23,"column":28},"end":{"line":25,"column":3}},"line":23}},"branchMap":{},"s":{"0":1,"1":1,"2":1,"3":1,"4":1,"5":1},"f":{"0":1,"1":1},"b":{},"_coverageSchema":"332fd63041d2c1bcb487cc26dd0d5f7d97098a6c","hash":"53617b6d483b94bba57152e3eee80b95408281e7","contentHash":"4ee3ddedbfacabc77656870e8c324ad7_11.2.1"}
,"/Users/VectorHo/Downloads/git/indexy/indexy-crawler-api/app/model/task.js": {"path":"/Users/VectorHo/Downloads/git/indexy/indexy-crawler-api/app/model/task.js","statementMap":{"0":{"start":{"line":3,"column":0},"end":{"line":19,"column":2}},"1":{"start":{"line":5,"column":30},"end":{"line":5,"column":43}},"2":{"start":{"line":7,"column":15},"end":{"line":15,"column":4}},"3":{"start":{"line":17,"column":2},"end":{"line":17,"column":14}}},"fnMap":{"0":{"name":"(anonymous_0)","decl":{"start":{"line":3,"column":17},"end":{"line":3,"column":18}},"loc":{"start":{"line":3,"column":24},"end":{"line":19,"column":1}},"line":3}},"branchMap":{},"s":{"0":1,"1":1,"2":1,"3":1},"f":{"0":1},"b":{},"_coverageSchema":"332fd63041d2c1bcb487cc26dd0d5f7d97098a6c","hash":"f07aba6640d58feb86c6d314c3fd46069f22dca9","contentHash":"c1da944da215d8eb8e590e2e7ab3a069_11.2.1"}
,"/Users/VectorHo/Downloads/git/indexy/indexy-crawler-api/app/model/taskResult.js": {"path":"/Users/VectorHo/Downloads/git/indexy/indexy-crawler-api/app/model/taskResult.js","statementMap":{"0":{"start":{"line":5,"column":0},"end":{"line":35,"column":2}},"1":{"start":{"line":7,"column":36},"end":{"line":7,"column":49}},"2":{"start":{"line":9,"column":21},"end":{"line":19,"column":4}},"3":{"start":{"line":22,"column":2},"end":{"line":24,"column":4}},"4":{"start":{"line":23,"column":4},"end":{"line":23,"column":90}},"5":{"start":{"line":26,"column":2},"end":{"line":26,"column":33}},"6":{"start":{"line":27,"column":2},"end":{"line":27,"column":31}},"7":{"start":{"line":28,"column":2},"end":{"line":28,"column":31}},"8":{"start":{"line":29,"column":2},"end":{"line":29,"column":35}},"9":{"start":{"line":30,"column":2},"end":{"line":30,"column":33}},"10":{"start":{"line":31,"column":2},"end":{"line":31,"column":33}},"11":{"start":{"line":33,"column":2},"end":{"line":33,"column":20}}},"fnMap":{"0":{"name":"(anonymous_0)","decl":{"start":{"line":5,"column":17},"end":{"line":5,"column":18}},"loc":{"start":{"line":5,"column":24},"end":{"line":35,"column":1}},"line":5},"1":{"name":"(anonymous_1)","decl":{"start":{"line":22,"column":25},"end":{"line":22,"column":26}},"loc":{"start":{"line":22,"column":31},"end":{"line":24,"column":3}},"line":22}},"branchMap":{},"s":{"0":1,"1":1,"2":1,"3":1,"4":1,"5":1,"6":1,"7":1,"8":1,"9":1,"10":1,"11":1},"f":{"0":1,"1":1},"b":{},"_coverageSchema":"332fd63041d2c1bcb487cc26dd0d5f7d97098a6c","hash":"f1ffa021aa21cdc62ea73868e8a21e0f44f7ad79","contentHash":"fb9c7e5b9d65cf5aff08be628c86c2e4_11.2.1"}
,"/Users/VectorHo/Downloads/git/indexy/indexy-crawler-api/config/config.default.js": {"path":"/Users/VectorHo/Downloads/git/indexy/indexy-crawler-api/config/config.default.js","statementMap":{"0":{"start":{"line":5,"column":0},"end":{"line":84,"column":2}},"1":{"start":{"line":7,"column":17},"end":{"line":7,"column":19}},"2":{"start":{"line":10,"column":2},"end":{"line":10,"column":46}},"3":{"start":{"line":15,"column":2},"end":{"line":17,"column":4}},"4":{"start":{"line":32,"column":2},"end":{"line":32,"column":69}},"5":{"start":{"line":36,"column":2},"end":{"line":50,"column":4}},"6":{"start":{"line":53,"column":2},"end":{"line":58,"column":4}},"7":{"start":{"line":61,"column":2},"end":{"line":72,"column":4}},"8":{"start":{"line":76,"column":2},"end":{"line":81,"column":4}},"9":{"start":{"line":83,"column":2},"end":{"line":83,"column":16}}},"fnMap":{"0":{"name":"(anonymous_0)","decl":{"start":{"line":5,"column":17},"end":{"line":5,"column":18}},"loc":{"start":{"line":5,"column":28},"end":{"line":84,"column":1}},"line":5}},"branchMap":{},"s":{"0":1,"1":2,"2":2,"3":2,"4":2,"5":2,"6":2,"7":2,"8":2,"9":2},"f":{"0":2},"b":{},"_coverageSchema":"332fd63041d2c1bcb487cc26dd0d5f7d97098a6c","hash":"011bf968284c4458220af49eea5519b52a515a07","contentHash":"e189dc0f712acded33552d2f7148a36f_11.2.1"}
,"/Users/VectorHo/Downloads/git/indexy/indexy-crawler-api/config/plugin.js": {"path":"/Users/VectorHo/Downloads/git/indexy/indexy-crawler-api/config/plugin.js","statementMap":{"0":{"start":{"line":4,"column":0},"end":{"line":4,"column":22}},"1":{"start":{"line":6,"column":0},"end":{"line":6,"column":21}},"2":{"start":{"line":8,"column":0},"end":{"line":8,"column":24}},"3":{"start":{"line":12,"column":0},"end":{"line":15,"column":2}},"4":{"start":{"line":17,"column":0},"end":{"line":20,"column":2}}},"fnMap":{},"branchMap":{},"s":{"0":1,"1":1,"2":1,"3":1,"4":1},"f":{},"b":{},"_coverageSchema":"332fd63041d2c1bcb487cc26dd0d5f7d97098a6c","hash":"fb939ff7a4df492f9c6f8b50cf81ec22e02edb5f","contentHash":"9c2fe4887a50537a02e737216200bd19_11.2.1"}
}
