TN:
SF:/Users/VectorHo/Downloads/git/indexy/indexy-crawler-api/app/model/article.js
FN:3,(anonymous_0)
FN:23,(anonymous_1)
FNF:2
FNH:2
FNDA:1,(anonymous_0)
FNDA:1,(anonymous_1)
DA:3,1
DA:5,1
DA:7,1
DA:23,1
DA:24,1
DA:27,1
LF:6
LH:6
BRF:0
BRH:0
end_of_record
TN:
SF:/Users/VectorHo/Downloads/git/indexy/indexy-crawler-api/app/model/task.js
FN:3,(anonymous_0)
FNF:1
FNH:1
FNDA:1,(anonymous_0)
DA:3,1
DA:5,1
DA:7,1
DA:17,1
LF:4
LH:4
BRF:0
BRH:0
end_of_record
TN:
SF:/Users/VectorHo/Downloads/git/indexy/indexy-crawler-api/app/model/taskResult.js
FN:5,(anonymous_0)
FN:22,(anonymous_1)
FNF:2
FNH:2
FNDA:1,(anonymous_0)
FNDA:1,(anonymous_1)
DA:5,1
DA:7,1
DA:9,1
DA:22,1
DA:23,1
DA:26,1
DA:27,1
DA:28,1
DA:29,1
DA:30,1
DA:31,1
DA:33,1
LF:12
LH:12
BRF:0
BRH:0
end_of_record
TN:
SF:/Users/VectorHo/Downloads/git/indexy/indexy-crawler-api/config/config.default.js
FN:5,(anonymous_0)
FNF:1
FNH:1
FNDA:2,(anonymous_0)
DA:5,1
DA:7,2
DA:10,2
DA:15,2
DA:32,2
DA:36,2
DA:53,2
DA:61,2
DA:76,2
DA:83,2
LF:10
LH:10
BRF:0
BRH:0
end_of_record
TN:
SF:/Users/VectorHo/Downloads/git/indexy/indexy-crawler-api/config/plugin.js
FNF:0
FNH:0
DA:4,1
DA:6,1
DA:8,1
DA:12,1
DA:17,1
LF:5
LH:5
BRF:0
BRH:0
end_of_record
